# JRE version: Java(TM) SE Runtime Environment 18.9 (11.0.19+9) (build 11.0.19+9-LTS-224)
# Java VM: Java HotSpot(TM) 64-Bit Server VM 18.9 (11.0.19+9-LTS-224, mixed mode, tiered, compressed oops, g1 gc, windows-amd64)
Heap:
 garbage-first heap   total 112640K, used 84637K [0x0000000081a00000, 0x0000000100000000)
  region size 1024K, 44 young (45056K), 5 survivors (5120K)
 Metaspace       used 81902K, capacity 83525K, committed 83756K, reserved 1122304K
  class space    used 10108K, capacity 10730K, committed 10880K, reserved 1048576K
GC Heap History (10 events):
Event: 3309.828 GC heap before
{Heap before GC invocations=21 (full 1):
 garbage-first heap   total 112640K, used 93601K [0x0000000081a00000, 0x0000000100000000)
  region size 1024K, 60 young (61440K), 0 survivors (0K)
 Metaspace       used 74132K, capacity 75527K, committed 76332K, reserved 1116160K
  class space    used 9308K, capacity 9852K, committed 10112K, reserved 1048576K
}
Event: 3309.850 GC heap after
{Heap after GC invocations=22 (full 1):
 garbage-first heap   total 112640K, used 36470K [0x0000000081a00000, 0x0000000100000000)
  region size 1024K, 5 young (5120K), 5 survivors (5120K)
 Metaspace       used 74132K, capacity 75527K, committed 76332K, reserved 1116160K
  class space    used 9308K, capacity 9852K, committed 10112K, reserved 1048576K
}
Event: 3317.100 GC heap before
{Heap before GC invocations=22 (full 1):
 garbage-first heap   total 112640K, used 91766K [0x0000000081a00000, 0x0000000100000000)
  region size 1024K, 59 young (60416K), 5 survivors (5120K)
 Metaspace       used 74742K, capacity 76191K, committed 76844K, reserved 1116160K
  class space    used 9337K, capacity 9932K, committed 10112K, reserved 1048576K
}
Event: 3317.140 GC heap after
{Heap after GC invocations=23 (full 1):
 garbage-first heap   total 112640K, used 41046K [0x0000000081a00000, 0x0000000100000000)
  region size 1024K, 8 young (8192K), 8 survivors (8192K)
 Metaspace       used 74742K, capacity 76191K, committed 76844K, reserved 1116160K
  class space    used 9337K, capacity 9932K, committed 10112K, reserved 1048576K
}
Event: 3319.415 GC heap before
{Heap before GC invocations=23 (full 1):
 garbage-first heap   total 112640K, used 91222K [0x0000000081a00000, 0x0000000100000000)
  region size 1024K, 57 young (58368K), 8 survivors (8192K)
 Metaspace       used 75430K, capacity 76938K, committed 77484K, reserved 1116160K
  class space    used 9376K, capacity 9992K, committed 10240K, reserved 1048576K
}
Event: 3319.462 GC heap after
{Heap after GC invocations=24 (full 1):
 garbage-first heap   total 112640K, used 43238K [0x0000000081a00000, 0x0000000100000000)
  region size 1024K, 3 young (3072K), 3 survivors (3072K)
 Metaspace       used 75430K, capacity 76938K, committed 77484K, reserved 1116160K
  class space    used 9376K, capacity 9992K, committed 10240K, reserved 1048576K
}
Event: 3322.479 GC heap before
{Heap before GC invocations=24 (full 1):
 garbage-first heap   total 112640K, used 91366K [0x0000000081a00000, 0x0000000100000000)
  region size 1024K, 50 young (51200K), 3 survivors (3072K)
 Metaspace       used 76304K, capacity 77859K, committed 78252K, reserved 1118208K
  class space    used 9433K, capacity 10063K, committed 10240K, reserved 1048576K
}
Event: 3322.507 GC heap after
{Heap after GC invocations=25 (full 1):
 garbage-first heap   total 112640K, used 45357K [0x0000000081a00000, 0x0000000100000000)
  region size 1024K, 5 young (5120K), 5 survivors (5120K)
 Metaspace       used 76304K, capacity 77859K, committed 78252K, reserved 1118208K
  class space    used 9433K, capacity 10063K, committed 10240K, reserved 1048576K
}
Event: 3519.745 GC heap before
{Heap before GC invocations=25 (full 1):
 garbage-first heap   total 112640K, used 91437K [0x0000000081a00000, 0x0000000100000000)
  region size 1024K, 50 young (51200K), 5 survivors (5120K)
 Metaspace       used 76365K, capacity 77886K, committed 78252K, reserved 1118208K
  class space    used 9436K, capacity 10068K, committed 10240K, reserved 1048576K
}
Event: 3519.780 GC heap after
{Heap after GC invocations=26 (full 1):
 garbage-first heap   total 112640K, used 46749K [0x0000000081a00000, 0x0000000100000000)
  region size 1024K, 5 young (5120K), 5 survivors (5120K)
 Metaspace       used 76365K, capacity 77886K, committed 78252K, reserved 1118208K
  class space    used 9436K, capacity 10068K, committed 10240K, reserved 1048576K
}

