# JRE version: Java(TM) SE Runtime Environment 18.9 (11.0.19+9) (build 11.0.19+9-LTS-224)
# Java VM: Java HotSpot(TM) 64-Bit Server VM 18.9 (11.0.19+9-LTS-224, mixed mode, tiered, compressed oops, g1 gc, windows-amd64)
Heap:
 garbage-first heap   total 189440K, used 49642K [0x0000000081a00000, 0x0000000100000000)
  region size 1024K, 33 young (33792K), 11 survivors (11264K)
 Metaspace       used 44065K, capacity 45159K, committed 45356K, reserved 1089536K
  class space    used 5243K, capacity 5701K, committed 5760K, reserved 1048576K
GC Heap History (10 events):
Event: 8.785 GC heap before
{Heap before GC invocations=4 (full 0):
 garbage-first heap   total 131072K, used 12499K [0x0000000081a00000, 0x0000000100000000)
  region size 1024K, 6 young (6144K), 3 survivors (3072K)
 Metaspace       used 20774K, capacity 21156K, committed 21248K, reserved 1069056K
  class space    used 2400K, capacity 2555K, committed 2560K, reserved 1048576K
}
Event: 8.806 GC heap after
{Heap after GC invocations=5 (full 0):
 garbage-first heap   total 157696K, used 10520K [0x0000000081a00000, 0x0000000100000000)
  region size 1024K, 3 young (3072K), 3 survivors (3072K)
 Metaspace       used 20774K, capacity 21156K, committed 21248K, reserved 1069056K
  class space    used 2400K, capacity 2555K, committed 2560K, reserved 1048576K
}
Event: 14.023 GC heap before
{Heap before GC invocations=6 (full 0):
 garbage-first heap   total 157696K, used 59672K [0x0000000081a00000, 0x0000000100000000)
  region size 1024K, 51 young (52224K), 3 survivors (3072K)
 Metaspace       used 28081K, capacity 28729K, committed 28928K, reserved 1075200K
  class space    used 3228K, capacity 3488K, committed 3584K, reserved 1048576K
}
Event: 14.049 GC heap after
{Heap after GC invocations=7 (full 0):
 garbage-first heap   total 157696K, used 13329K [0x0000000081a00000, 0x0000000100000000)
  region size 1024K, 6 young (6144K), 6 survivors (6144K)
 Metaspace       used 28081K, capacity 28729K, committed 28928K, reserved 1075200K
  class space    used 3228K, capacity 3488K, committed 3584K, reserved 1048576K
}
Event: 20.472 GC heap before
{Heap before GC invocations=7 (full 0):
 garbage-first heap   total 157696K, used 75793K [0x0000000081a00000, 0x0000000100000000)
  region size 1024K, 67 young (68608K), 6 survivors (6144K)
 Metaspace       used 31643K, capacity 32472K, committed 32768K, reserved 1077248K
  class space    used 3714K, capacity 4041K, committed 4096K, reserved 1048576K
}
Event: 20.519 GC heap after
{Heap after GC invocations=8 (full 0):
 garbage-first heap   total 157696K, used 16928K [0x0000000081a00000, 0x0000000100000000)
  region size 1024K, 8 young (8192K), 8 survivors (8192K)
 Metaspace       used 31643K, capacity 32472K, committed 32768K, reserved 1077248K
  class space    used 3714K, capacity 4041K, committed 4096K, reserved 1048576K
}
Event: 25.117 GC heap before
{Heap before GC invocations=8 (full 0):
 garbage-first heap   total 157696K, used 53792K [0x0000000081a00000, 0x0000000100000000)
  region size 1024K, 45 young (46080K), 8 survivors (8192K)
 Metaspace       used 34695K, capacity 35514K, committed 35628K, reserved 1081344K
  class space    used 4100K, capacity 4453K, committed 4480K, reserved 1048576K
}
Event: 25.166 GC heap after
{Heap after GC invocations=9 (full 0):
 garbage-first heap   total 157696K, used 18461K [0x0000000081a00000, 0x0000000100000000)
  region size 1024K, 8 young (8192K), 8 survivors (8192K)
 Metaspace       used 34695K, capacity 35514K, committed 35628K, reserved 1081344K
  class space    used 4100K, capacity 4453K, committed 4480K, reserved 1048576K
}
Event: 33.195 GC heap before
{Heap before GC invocations=10 (full 0):
 garbage-first heap   total 157696K, used 98333K [0x0000000081a00000, 0x0000000100000000)
  region size 1024K, 87 young (89088K), 8 survivors (8192K)
 Metaspace       used 42902K, capacity 43882K, committed 44076K, reserved 1087488K
  class space    used 5082K, capacity 5501K, committed 5504K, reserved 1048576K
}
Event: 33.340 GC heap after
{Heap after GC invocations=11 (full 0):
 garbage-first heap   total 189440K, used 28138K [0x0000000081a00000, 0x0000000100000000)
  region size 1024K, 11 young (11264K), 11 survivors (11264K)
 Metaspace       used 42902K, capacity 43882K, committed 44076K, reserved 1087488K
  class space    used 5082K, capacity 5501K, committed 5504K, reserved 1048576K
}

